# JRE version: OpenJDK Runtime Environment (11.0.12+7) (build 11.0.12+7-b1504.28-7817840)
# Java VM: OpenJDK 64-Bit Server VM (11.0.12+7-b1504.28-7817840, mixed mode, tiered, compressed oops, g1 gc, windows-amd64)
Heap:
 garbage-first heap   total 129024K, used 30115K [0x00000000a0000000, 0x0000000100000000)
  region size 1024K, 9 young (9216K), 5 survivors (5120K)
 Metaspace       used 27823K, capacity 28445K, committed 28672K, reserved 1075200K
  class space    used 3560K, capacity 3745K, committed 3840K, reserved 1048576K
GC Heap History (6 events):
Event: 1.392 GC heap before
{Heap before GC invocations=0 (full 0):
 garbage-first heap   total 129024K, used 25600K [0x00000000a0000000, 0x0000000100000000)
  region size 1024K, 24 young (24576K), 0 survivors (0K)
 Metaspace       used 10353K, capacity 10597K, committed 10880K, reserved 1058816K
  class space    used 1086K, capacity 1124K, committed 1152K, reserved 1048576K
}
Event: 1.401 GC heap after
{Heap after GC invocations=1 (full 0):
 garbage-first heap   total 129024K, used 7150K [0x00000000a0000000, 0x0000000100000000)
  region size 1024K, 3 young (3072K), 3 survivors (3072K)
 Metaspace       used 10353K, capacity 10597K, committed 10880K, reserved 1058816K
  class space    used 1086K, capacity 1124K, committed 1152K, reserved 1048576K
}
Event: 5.292 GC heap before
{Heap before GC invocations=1 (full 0):
 garbage-first heap   total 129024K, used 70638K [0x00000000a0000000, 0x0000000100000000)
  region size 1024K, 67 young (68608K), 3 survivors (3072K)
 Metaspace       used 20772K, capacity 21198K, committed 21248K, reserved 1067008K
  class space    used 2640K, capacity 2809K, committed 2816K, reserved 1048576K
}
Event: 5.307 GC heap after
{Heap after GC invocations=2 (full 0):
 garbage-first heap   total 129024K, used 13434K [0x00000000a0000000, 0x0000000100000000)
  region size 1024K, 10 young (10240K), 10 survivors (10240K)
 Metaspace       used 20772K, capacity 21198K, committed 21248K, reserved 1067008K
  class space    used 2640K, capacity 2809K, committed 2816K, reserved 1048576K
}
Event: 7.475 GC heap before
{Heap before GC invocations=3 (full 0):
 garbage-first heap   total 129024K, used 55418K [0x00000000a0000000, 0x0000000100000000)
  region size 1024K, 43 young (44032K), 10 survivors (10240K)
 Metaspace       used 27385K, capacity 27926K, committed 28032K, reserved 1073152K
  class space    used 3496K, capacity 3679K, committed 3712K, reserved 1048576K
}
Event: 7.486 GC heap after
{Heap after GC invocations=4 (full 0):
 garbage-first heap   total 129024K, used 27043K [0x00000000a0000000, 0x0000000100000000)
  region size 1024K, 5 young (5120K), 5 survivors (5120K)
 Metaspace       used 27385K, capacity 27926K, committed 28032K, reserved 1073152K
  class space    used 3496K, capacity 3679K, committed 3712K, reserved 1048576K
}

